#
# A fatal error has been detected by the Java Runtime Environment:
#
#  EXCEPTION_ACCESS_VIOLATION (0xc0000005) at pc=0x00007fffaf090cf3, pid=12292, tid=3876
#
# JRE version: OpenJDK Runtime Environment (11.0.5+10) (build 11.0.5+10-b520.38)
# Java VM: OpenJDK 64-Bit Server VM (11.0.5+10-b520.38, mixed mode, tiered, compressed oops, g1 gc, windows-amd64)
# Problematic frame:
# C  [ig9icd64.dll+0x40cf3]
#
# No core dump will be written. Minidumps are not enabled by default on client versions of Windows
#
# If you would like to submit a bug report, please visit:
#   http://bugreport.java.com/bugreport/crash.jsp
# The crash happened outside the Java Virtual Machine in native code.
# See problematic frame for where to report the bug.
#

---------------  S U M M A R Y ------------

Command Line: -Djava.library.path=D:\Java\CB - 1PROJ\lib\native_win -javaagent:C:\Program Files\JetBrains\IntelliJ IDEA 2019.3.1\lib\idea_rt.jar=52793:C:\Program Files\JetBrains\IntelliJ IDEA 2019.3.1\bin -Dfile.encoding=UTF-8 com.supinfo.project.crashbandicoot.Component

Host: Intel(R) Core(TM) i5-9300H CPU @ 2.40GHz, 8 cores, 15G,  Windows 10 , 64 bit Build 18362 (10.0.18362.329)
Time: Tue Feb 25 13:46:40 2020 Paris, Madrid elapsed time: 28 seconds (0d 0h 0m 28s)

---------------  T H R E A D  ---------------

Current thread (0x0000022ec60de800):  JavaThread "main" [_thread_in_native, id=3876, stack(0x00000072be400000,0x00000072be500000)]

Stack: [0x00000072be400000,0x00000072be500000],  sp=0x00000072be4fe560,  free space=1017k
Native frames: (J=compiled Java code, j=interpreted, Vv=VM code, C=native code)
C  [ig9icd64.dll+0x40cf3]

Java frames: (J=compiled Java code, j=interpreted, Vv=VM code)
J 1537  org.lwjgl.opengl.WindowsContextImplementation.nSwapBuffers(Ljava/nio/ByteBuffer;)V (0 bytes) @ 0x0000022ed1d0dda2 [0x0000022ed1d0dd40+0x0000000000000062]
J 1564 c1 org.lwjgl.opengl.WindowsContextImplementation.swapBuffers()V (67 bytes) @ 0x0000022ecaa2ab84 [0x0000022ecaa2a7c0+0x00000000000003c4]
J 1524 c1 org.lwjgl.opengl.DrawableGL.swapBuffers()V (4 bytes) @ 0x0000022ecaa08f24 [0x0000022ecaa08e60+0x00000000000000c4]
J 1523 c1 org.lwjgl.opengl.Display.swapBuffers()V (55 bytes) @ 0x0000022ecaa08754 [0x0000022ecaa083a0+0x00000000000003b4]
J 1522 c1 org.lwjgl.opengl.Display.update(Z)V (154 bytes) @ 0x0000022ecaa0511c [0x0000022ecaa04c80+0x000000000000049c]
J 1521 c1 org.lwjgl.opengl.Display.update()V (5 bytes) @ 0x0000022ecaa04794 [0x0000022ecaa04740+0x0000000000000054]
j  com.supinfo.project.crashbandicoot.Component.loop()V+43
j  com.supinfo.project.crashbandicoot.Component.launch()V+6
j  com.supinfo.project.crashbandicoot.Component.main([Ljava/lang/String;)V+9
v  ~StubRoutines::call_stub

siginfo: EXCEPTION_ACCESS_VIOLATION (0xc0000005), reading address 0x0000000000000000


Register to memory mapping:

RIP=0x00007fffaf090cf3 ig9icd64.dll
RAX=0x0 is NULL
RBX=0x0000022ee6456860 points into unknown readable memory: ff ff ff ff ff ff ff ff
RCX=0x0 is NULL
RDX=0x0000022ef25d5d60 points into unknown readable memory: 30 70 49 e6 2e 02 00 00
RSP=0x00000072be4fe560 is pointing into the stack for thread: 0x0000022ec60de800
RBP=0x0000022ee6208750 points into unknown readable memory: 01 fe ba be 00 00 00 31
RSI=0x0000022ef25d5d60 points into unknown readable memory: 30 70 49 e6 2e 02 00 00
RDI=0x0000022ee6208750 points into unknown readable memory: 01 fe ba be 00 00 00 31
R8 =0x0000022ef25d5d60 points into unknown readable memory: 30 70 49 e6 2e 02 00 00
R9 =0x0000000000000001 is an unknown value
R10=0x0000000000008000 is an unknown value
R11=0x00000072be4fd5e0 is pointing into the stack for thread: 0x0000022ec60de800
R12=0x0000022ee65dc698 points into unknown readable memory: 00 00 00 00 00 00 00 00
R13=0x0000022ee6208750 points into unknown readable memory: 01 fe ba be 00 00 00 31
R14=0x0 is NULL
R15=0x0000000000000001 is an unknown value


Registers:
RAX=0x0000000000000000, RBX=0x0000022ee6456860, RCX=0x0000000000000000, RDX=0x0000022ef25d5d60
RSP=0x00000072be4fe560, RBP=0x0000022ee6208750, RSI=0x0000022ef25d5d60, RDI=0x0000022ee6208750
R8 =0x0000022ef25d5d60, R9 =0x0000000000000001, R10=0x0000000000008000, R11=0x00000072be4fd5e0
R12=0x0000022ee65dc698, R13=0x0000022ee6208750, R14=0x0000000000000000, R15=0x0000000000000001
RIP=0x00007fffaf090cf3, EFLAGS=0x0000000000010202

Top of Stack: (sp=0x00000072be4fe560)
0x00000072be4fe560:   0000022ef25d5d80 0000022ef2674be0
0x00000072be4fe570:   00009fe61e0f9b6a 0000000000000000
0x00000072be4fe580:   0000000000000001 00007fffaf077aa7
0x00000072be4fe590:   0000022ef25d5d60 0000022ee6456860
0x00000072be4fe5a0:   0000022ee6497030 00000072be4fe698
0x00000072be4fe5b0:   0000022ef25d5d80 00007fffaf0778e0
0x00000072be4fe5c0:   0000000000000010 0000000000000000
0x00000072be4fe5d0:   0000000000000000 00007fffaf19b513
0x00000072be4fe5e0:   0000022ee6456801 0000022ef25d5d80
0x00000072be4fe5f0:   0000022ee65a8300 0000022ef25d5d80
0x00000072be4fe600:   0000000000000001 00007fffaf075965
0x00000072be4fe610:   0000000000000000 00000000000000a0
0x00000072be4fe620:   0000022ef25d5d80 0000022ee6208750
0x00000072be4fe630:   0000000000000001 0000022ef25d5d00
0x00000072be4fe640:   0000000000000000 0000000000000000
0x00000072be4fe650:   0000000000000001 0000000000000000 

Instructions: (pc=0x00007fffaf090cf3)
0x00007fffaf090bf3:   00 48 8b 05 c5 07 c2 00 4c 8d 44 24 30 c7 44 24
0x00007fffaf090c03:   30 48 03 00 00 33 db 33 d2 33 c9 48 8b 80 48 13
0x00007fffaf090c13:   00 00 44 8d 4b 01 ff 15 61 4a 9d 00 85 c0 74 33
0x00007fffaf090c23:   f6 84 24 74 01 00 00 04 75 4c 48 8b 05 8c 07 c2
0x00007fffaf090c33:   00 4c 8d 44 24 30 ff c3 41 b9 01 00 00 00 8b d3
0x00007fffaf090c43:   33 c9 48 8b 80 48 13 00 00 ff 15 2e 4a 9d 00 85
0x00007fffaf090c53:   c0 75 cd 33 c0 48 8b 8c 24 80 03 00 00 48 33 cc
0x00007fffaf090c63:   e8 28 3c 8e 00 48 8b 9c 24 a8 03 00 00 48 81 c4
0x00007fffaf090c73:   90 03 00 00 5f c3 4c 8d 44 24 34 ba 20 00 00 00
0x00007fffaf090c83:   48 8b cf e8 75 0b 8f 00 b8 01 00 00 00 eb c6 cc
0x00007fffaf090c93:   cc cc cc cc cc cc cc cc cc cc cc cc cc 48 85 d2
0x00007fffaf090ca3:   0f 84 f4 00 00 00 48 89 5c 24 08 48 89 74 24 18
0x00007fffaf090cb3:   57 48 83 ec 20 48 8b f2 48 8b f9 48 8b 1d 8b ea
0x00007fffaf090cc3:   df 00 48 89 5c 24 38 48 8b cb ff 15 f5 45 9d 00
0x00007fffaf090cd3:   90 48 8b 87 80 02 00 00 48 89 86 90 04 00 00 48
0x00007fffaf090ce3:   89 b7 80 02 00 00 ff 87 88 02 00 00 48 8b 4e 08
0x00007fffaf090cf3:   48 8b 01 ba 01 00 00 00 48 8b 80 d0 02 00 00 ff
0x00007fffaf090d03:   15 78 49 9d 00 48 01 87 a0 02 00 00 48 8b 4e 08
0x00007fffaf090d13:   48 8b 01 ba 01 00 00 00 48 8b 80 d0 02 00 00 ff
0x00007fffaf090d23:   15 58 49 9d 00 0f b7 c8 48 8b 97 90 02 00 00 48
0x00007fffaf090d33:   2b d1 48 8d 88 00 00 01 00 48 03 ca 48 89 8f 90
0x00007fffaf090d43:   02 00 00 48 8b 87 00 03 00 00 48 03 87 a0 02 00
0x00007fffaf090d53:   00 48 8b 15 65 06 c2 00 48 3b 82 a8 06 00 00 77
0x00007fffaf090d63:   10 48 03 8f 08 03 00 00 48 3b 8a b0 06 00 00 76
0x00007fffaf090d73:   11 45 33 c9 45 33 c0 48 8b d7 33 c9 e8 3c 01 00
0x00007fffaf090d83:   00 90 48 8b cb ff 15 32 45 9d 00 48 8b 5c 24 30
0x00007fffaf090d93:   48 8b 74 24 40 48 83 c4 20 5f c3 cc cc cc cc cc
0x00007fffaf090da3:   cc cc cc cc cc cc cc cc cc cc cc cc cc 48 89 5c
0x00007fffaf090db3:   24 10 48 89 6c 24 18 48 89 74 24 20 57 48 83 ec
0x00007fffaf090dc3:   20 48 8b f2 48 8b e9 48 8b 1d 7f e9 df 00 48 89
0x00007fffaf090dd3:   5c 24 30 48 8b cb ff 15 e9 44 9d 00 90 48 8b bd
0x00007fffaf090de3:   80 02 00 00 33 c0 48 85 ff 74 16 66 90 48 3b fe 


Stack slot to memory mapping:
stack at sp + 0 slots: 0x0000022ef25d5d80 points into unknown readable memory: 06 00 00 00 45 01 00 00
stack at sp + 1 slots: 0x0000022ef2674be0 points into unknown readable memory: e8 ed 27 c0 ff 7f 00 00
stack at sp + 2 slots: 0x00009fe61e0f9b6a is an unknown value
stack at sp + 3 slots: 0x0 is NULL
stack at sp + 4 slots: 0x0000000000000001 is an unknown value
stack at sp + 5 slots: 0x00007fffaf077aa7 ig9icd64.dll
stack at sp + 6 slots: 0x0000022ef25d5d60 points into unknown readable memory: 30 70 49 e6 2e 02 00 00
stack at sp + 7 slots: 0x0000022ee6456860 points into unknown readable memory: ff ff ff ff ff ff ff ff


---------------  P R O C E S S  ---------------

Threads class SMR info:
_java_thread_list=0x0000022ef2506300, length=16, elements={
0x0000022ec60de800, 0x0000022ee5694000, 0x0000022ee5683000, 0x0000022ee5697000,
0x0000022ee5698000, 0x0000022ee5699000, 0x0000022ee5f97800, 0x0000022ee5f9a800,
0x0000022ee5f20800, 0x0000022ee61f7000, 0x0000022ee61f8000, 0x0000022ee691f000,
0x0000022ef2290000, 0x0000022ef1f3f000, 0x0000022ef1e55000, 0x0000022ef1e45800
}

Java Threads: ( => current thread )
=>0x0000022ec60de800 JavaThread "main" [_thread_in_native, id=3876, stack(0x00000072be400000,0x00000072be500000)]
  0x0000022ee5694000 JavaThread "Reference Handler" daemon [_thread_blocked, id=11960, stack(0x00000072beb00000,0x00000072bec00000)]
  0x0000022ee5683000 JavaThread "Finalizer" daemon [_thread_blocked, id=8380, stack(0x00000072bec00000,0x00000072bed00000)]
  0x0000022ee5697000 JavaThread "Signal Dispatcher" daemon [_thread_blocked, id=16436, stack(0x00000072bed00000,0x00000072bee00000)]
  0x0000022ee5698000 JavaThread "Attach Listener" daemon [_thread_blocked, id=17496, stack(0x00000072bee00000,0x00000072bef00000)]
  0x0000022ee5699000 JavaThread "C2 CompilerThread0" daemon [_thread_blocked, id=16392, stack(0x00000072bef00000,0x00000072bf000000)]
  0x0000022ee5f97800 JavaThread "C1 CompilerThread0" daemon [_thread_blocked, id=21916, stack(0x00000072bf000000,0x00000072bf100000)]
  0x0000022ee5f9a800 JavaThread "Sweeper thread" daemon [_thread_blocked, id=4128, stack(0x00000072bf100000,0x00000072bf200000)]
  0x0000022ee5f20800 JavaThread "Common-Cleaner" daemon [_thread_blocked, id=272, stack(0x00000072bf200000,0x00000072bf300000)]
  0x0000022ee61f7000 JavaThread "Monitor Ctrl-Break" daemon [_thread_in_native, id=21188, stack(0x00000072bf300000,0x00000072bf400000)]
  0x0000022ee61f8000 JavaThread "Service Thread" daemon [_thread_blocked, id=13476, stack(0x00000072bf400000,0x00000072bf500000)]
  0x0000022ee691f000 JavaThread "Java2D Disposer" daemon [_thread_blocked, id=19748, stack(0x00000072bfa00000,0x00000072bfb00000)]
  0x0000022ef2290000 JavaThread "AWT-Windows" daemon [_thread_in_native, id=4476, stack(0x00000072c0200000,0x00000072c0300000)]
  0x0000022ef1f3f000 JavaThread "LWJGL Timer" daemon [_thread_blocked, id=200, stack(0x00000072c0100000,0x00000072c0200000)]
  0x0000022ef1e55000 JavaThread "AWT-Shutdown" [_thread_blocked, id=14988, stack(0x00000072c0000000,0x00000072c0100000)]
  0x0000022ef1e45800 JavaThread "AWT-EventQueue-0" [_thread_blocked, id=16276, stack(0x00000072c0300000,0x00000072c0400000)]

Other Threads:
  0x0000022ee5f47800 VMThread "VM Thread" [stack: 0x00000072bea00000,0x00000072beb00000] [id=13088]
  0x0000022ee61fc800 WatcherThread [stack: 0x00000072bf500000,0x00000072bf600000] [id=20220]
  0x0000022ec60f7800 GCTaskThread "GC Thread#0" [stack: 0x00000072be500000,0x00000072be600000] [id=9744]
  0x0000022ee61f9000 GCTaskThread "GC Thread#1" [stack: 0x00000072bfb00000,0x00000072bfc00000] [id=16164]
  0x0000022ee691b800 GCTaskThread "GC Thread#2" [stack: 0x00000072bfc00000,0x00000072bfd00000] [id=8452]
  0x0000022ee6b2b800 GCTaskThread "GC Thread#3" [stack: 0x00000072bfd00000,0x00000072bfe00000] [id=11176]
  0x0000022ee6b2f000 GCTaskThread "GC Thread#4" [stack: 0x00000072bfe00000,0x00000072bff00000] [id=10504]
  0x0000022ee6903000 GCTaskThread "GC Thread#5" [stack: 0x00000072bff00000,0x00000072c0000000] [id=9412]
  0x0000022ec6155000 ConcurrentGCThread "G1 Main Marker" [stack: 0x00000072be600000,0x00000072be700000] [id=16784]
  0x0000022ec6156800 ConcurrentGCThread "G1 Conc#0" [stack: 0x00000072be700000,0x00000072be800000] [id=10488]
  0x0000022ee5569000 ConcurrentGCThread "G1 Refine#0" [stack: 0x00000072be800000,0x00000072be900000] [id=5288]
  0x0000022ee556a000 ConcurrentGCThread "G1 Young RemSet Sampling" [stack: 0x00000072be900000,0x00000072bea00000] [id=13612]

Threads with active compile tasks:

VM state:not at safepoint (normal execution)

VM Mutex/Monitor currently owned by a thread: None

Heap address: 0x0000000703600000, size: 4042 MB, Compressed Oops mode: Zero based, Oop shift amount: 3
Narrow klass base: 0x0000000800000000, Narrow klass shift: 0
Compressed class space size: 1073741824 Address: 0x0000000800000000

Heap:
 garbage-first heap   total 260096K, used 78634K [0x0000000703600000, 0x0000000800000000)
  region size 1024K, 26 young (26624K), 2 survivors (2048K)
 Metaspace       used 14414K, capacity 14739K, committed 14848K, reserved 1062912K
  class space    used 1295K, capacity 1435K, committed 1536K, reserved 1048576K
Heap Regions: E=young(eden), S=young(survivor), O=old, HS=humongous(starts), HC=humongous(continues), CS=collection set, F=free, A=archive, TAMS=top-at-mark-start (previous, next)
|   0|0x0000000703600000, 0x0000000703700000, 0x0000000703700000|100%|HS|  |TAMS 0x0000000703600000, 0x0000000703600000| Complete 
|   1|0x0000000703700000, 0x0000000703800000, 0x0000000703800000|100%|HC|  |TAMS 0x0000000703700000, 0x0000000703700000| Complete 
|   2|0x0000000703800000, 0x0000000703900000, 0x0000000703900000|100%|HC|  |TAMS 0x0000000703800000, 0x0000000703800000| Complete 
|   3|0x0000000703900000, 0x0000000703a00000, 0x0000000703a00000|100%|HC|  |TAMS 0x0000000703900000, 0x0000000703900000| Complete 
|   4|0x0000000703a00000, 0x0000000703b00000, 0x0000000703b00000|100%|HC|  |TAMS 0x0000000703a00000, 0x0000000703a00000| Complete 
|   5|0x0000000703b00000, 0x0000000703c00000, 0x0000000703c00000|100%|HC|  |TAMS 0x0000000703b00000, 0x0000000703b00000| Complete 
|   6|0x0000000703c00000, 0x0000000703d00000, 0x0000000703d00000|100%|HC|  |TAMS 0x0000000703c00000, 0x0000000703c00000| Complete 
|   7|0x0000000703d00000, 0x0000000703e00000, 0x0000000703e00000|100%|HC|  |TAMS 0x0000000703d00000, 0x0000000703d00000| Complete 
|   8|0x0000000703e00000, 0x0000000703f00000, 0x0000000703f00000|100%|HC|  |TAMS 0x0000000703e00000, 0x0000000703e00000| Complete 
|   9|0x0000000703f00000, 0x0000000704000000, 0x0000000704000000|100%|HC|  |TAMS 0x0000000703f00000, 0x0000000703f00000| Complete 
|  10|0x0000000704000000, 0x0000000704100000, 0x0000000704100000|100%|HC|  |TAMS 0x0000000704000000, 0x0000000704000000| Complete 
|  11|0x0000000704100000, 0x0000000704200000, 0x0000000704200000|100%|HC|  |TAMS 0x0000000704100000, 0x0000000704100000| Complete 
|  12|0x0000000704200000, 0x0000000704300000, 0x0000000704300000|100%|HC|  |TAMS 0x0000000704200000, 0x0000000704200000| Complete 
|  13|0x0000000704300000, 0x0000000704400000, 0x0000000704400000|100%|HC|  |TAMS 0x0000000704300000, 0x0000000704300000| Complete 
|  14|0x0000000704400000, 0x0000000704500000, 0x0000000704500000|100%|HC|  |TAMS 0x0000000704400000, 0x0000000704400000| Complete 
|  15|0x0000000704500000, 0x0000000704600000, 0x0000000704600000|100%|HC|  |TAMS 0x0000000704500000, 0x0000000704500000| Complete 
|  16|0x0000000704600000, 0x0000000704600000, 0x0000000704700000|  0%| F|  |TAMS 0x0000000704600000, 0x0000000704600000| Untracked 
|  17|0x0000000704700000, 0x0000000704700000, 0x0000000704800000|  0%| F|  |TAMS 0x0000000704700000, 0x0000000704700000| Untracked 
|  18|0x0000000704800000, 0x0000000704900000, 0x0000000704900000|100%|HS|  |TAMS 0x0000000704800000, 0x0000000704800000| Complete 
|  19|0x0000000704900000, 0x0000000704a00000, 0x0000000704a00000|100%|HC|  |TAMS 0x0000000704900000, 0x0000000704900000| Complete 
|  20|0x0000000704a00000, 0x0000000704b00000, 0x0000000704b00000|100%|HC|  |TAMS 0x0000000704a00000, 0x0000000704a00000| Complete 
|  21|0x0000000704b00000, 0x0000000704c00000, 0x0000000704c00000|100%|HC|  |TAMS 0x0000000704b00000, 0x0000000704b00000| Complete 
|  22|0x0000000704c00000, 0x0000000704d00000, 0x0000000704d00000|100%|HC|  |TAMS 0x0000000704c00000, 0x0000000704c00000| Complete 
|  23|0x0000000704d00000, 0x0000000704e00000, 0x0000000704e00000|100%|HC|  |TAMS 0x0000000704d00000, 0x0000000704d00000| Complete 
|  24|0x0000000704e00000, 0x0000000704f00000, 0x0000000704f00000|100%|HC|  |TAMS 0x0000000704e00000, 0x0000000704e00000| Complete 
|  25|0x0000000704f00000, 0x0000000705000000, 0x0000000705000000|100%|HC|  |TAMS 0x0000000704f00000, 0x0000000704f00000| Complete 
|  26|0x0000000705000000, 0x0000000705100000, 0x0000000705100000|100%|HC|  |TAMS 0x0000000705000000, 0x0000000705000000| Complete 
|  27|0x0000000705100000, 0x0000000705200000, 0x0000000705200000|100%|HC|  |TAMS 0x0000000705100000, 0x0000000705100000| Complete 
|  28|0x0000000705200000, 0x0000000705300000, 0x0000000705300000|100%|HC|  |TAMS 0x0000000705200000, 0x0000000705200000| Complete 
|  29|0x0000000705300000, 0x0000000705400000, 0x0000000705400000|100%|HC|  |TAMS 0x0000000705300000, 0x0000000705300000| Complete 
|  30|0x0000000705400000, 0x0000000705500000, 0x0000000705500000|100%|HS|  |TAMS 0x0000000705400000, 0x0000000705400000| Complete 
|  31|0x0000000705500000, 0x0000000705600000, 0x0000000705600000|100%|HC|  |TAMS 0x0000000705500000, 0x0000000705500000| Complete 
|  32|0x0000000705600000, 0x0000000705700000, 0x0000000705700000|100%|HC|  |TAMS 0x0000000705600000, 0x0000000705600000| Complete 
|  33|0x0000000705700000, 0x0000000705800000, 0x0000000705800000|100%|HC|  |TAMS 0x0000000705700000, 0x0000000705700000| Complete 
|  34|0x0000000705800000, 0x0000000705900000, 0x0000000705900000|100%|HS|  |TAMS 0x0000000705800000, 0x0000000705800000| Complete 
|  35|0x0000000705900000, 0x0000000705a00000, 0x0000000705a00000|100%|HC|  |TAMS 0x0000000705900000, 0x0000000705900000| Complete 
|  36|0x0000000705a00000, 0x0000000705b00000, 0x0000000705b00000|100%|HC|  |TAMS 0x0000000705a00000, 0x0000000705a00000| Complete 
|  37|0x0000000705b00000, 0x0000000705c00000, 0x0000000705c00000|100%|HC|  |TAMS 0x0000000705b00000, 0x0000000705b00000| Complete 
|  38|0x0000000705c00000, 0x0000000705d00000, 0x0000000705d00000|100%|HS|  |TAMS 0x0000000705c00000, 0x0000000705c00000| Complete 
|  39|0x0000000705d00000, 0x0000000705e00000, 0x0000000705e00000|100%|HC|  |TAMS 0x0000000705d00000, 0x0000000705d00000| Complete 
|  40|0x0000000705e00000, 0x0000000705f00000, 0x0000000705f00000|100%|HC|  |TAMS 0x0000000705e00000, 0x0000000705e00000| Complete 
|  41|0x0000000705f00000, 0x0000000706000000, 0x0000000706000000|100%|HC|  |TAMS 0x0000000705f00000, 0x0000000705f00000| Complete 
|  42|0x0000000706000000, 0x0000000706100000, 0x0000000706100000|100%|HS|  |TAMS 0x0000000706000000, 0x0000000706000000| Complete 
|  43|0x0000000706100000, 0x0000000706200000, 0x0000000706200000|100%|HC|  |TAMS 0x0000000706100000, 0x0000000706100000| Complete 
|  44|0x0000000706200000, 0x0000000706300000, 0x0000000706300000|100%|HC|  |TAMS 0x0000000706200000, 0x0000000706200000| Complete 
|  45|0x0000000706300000, 0x0000000706400000, 0x0000000706400000|100%|HC|  |TAMS 0x0000000706300000, 0x0000000706300000| Complete 
|  46|0x0000000706400000, 0x0000000706500000, 0x0000000706500000|100%|HS|  |TAMS 0x0000000706400000, 0x0000000706400000| Complete 
|  47|0x0000000706500000, 0x0000000706600000, 0x0000000706600000|100%|HC|  |TAMS 0x0000000706500000, 0x0000000706500000| Complete 
|  48|0x0000000706600000, 0x0000000706700000, 0x0000000706700000|100%|HC|  |TAMS 0x0000000706600000, 0x0000000706600000| Complete 
|  49|0x0000000706700000, 0x0000000706800000, 0x0000000706800000|100%|HC|  |TAMS 0x0000000706700000, 0x0000000706700000| Complete 
|  50|0x0000000706800000, 0x0000000706900000, 0x0000000706900000|100%|HS|  |TAMS 0x0000000706800000, 0x0000000706800000| Complete 
|  51|0x0000000706900000, 0x0000000706a00000, 0x0000000706a00000|100%|HC|  |TAMS 0x0000000706900000, 0x0000000706900000| Complete 
|  52|0x0000000706a00000, 0x0000000706b00000, 0x0000000706b00000|100%|HC|  |TAMS 0x0000000706a00000, 0x0000000706a00000| Complete 
|  53|0x0000000706b00000, 0x0000000706c00000, 0x0000000706c00000|100%|HC|  |TAMS 0x0000000706b00000, 0x0000000706b00000| Complete 
|  54|0x0000000706c00000, 0x0000000706c00000, 0x0000000706d00000|  0%| F|  |TAMS 0x0000000706c00000, 0x0000000706c00000| Untracked 
|  55|0x0000000706d00000, 0x0000000706d00000, 0x0000000706e00000|  0%| F|  |TAMS 0x0000000706d00000, 0x0000000706d00000| Untracked 
|  56|0x0000000706e00000, 0x0000000706e00000, 0x0000000706f00000|  0%| F|  |TAMS 0x0000000706e00000, 0x0000000706e00000| Untracked 
|  57|0x0000000706f00000, 0x0000000706f00000, 0x0000000707000000|  0%| F|  |TAMS 0x0000000706f00000, 0x0000000706f00000| Untracked 
|  58|0x0000000707000000, 0x0000000707000000, 0x0000000707100000|  0%| F|  |TAMS 0x0000000707000000, 0x0000000707000000| Untracked 
|  59|0x0000000707100000, 0x0000000707100000, 0x0000000707200000|  0%| F|  |TAMS 0x0000000707100000, 0x0000000707100000| Untracked 
|  60|0x0000000707200000, 0x0000000707200000, 0x0000000707300000|  0%| F|  |TAMS 0x0000000707200000, 0x0000000707200000| Untracked 
|  61|0x0000000707300000, 0x0000000707300000, 0x0000000707400000|  0%| F|  |TAMS 0x0000000707300000, 0x0000000707300000| Untracked 
|  62|0x0000000707400000, 0x0000000707400000, 0x0000000707500000|  0%| F|  |TAMS 0x0000000707400000, 0x0000000707400000| Untracked 
|  63|0x0000000707500000, 0x0000000707500000, 0x0000000707600000|  0%| F|  |TAMS 0x0000000707500000, 0x0000000707500000| Untracked 
|  64|0x0000000707600000, 0x0000000707600000, 0x0000000707700000|  0%| F|  |TAMS 0x0000000707600000, 0x0000000707600000| Untracked 
|  65|0x0000000707700000, 0x0000000707700000, 0x0000000707800000|  0%| F|  |TAMS 0x0000000707700000, 0x0000000707700000| Untracked 
|  66|0x0000000707800000, 0x0000000707800000, 0x0000000707900000|  0%| F|  |TAMS 0x0000000707800000, 0x0000000707800000| Untracked 
|  67|0x0000000707900000, 0x0000000707900000, 0x0000000707a00000|  0%| F|  |TAMS 0x0000000707900000, 0x0000000707900000| Untracked 
|  68|0x0000000707a00000, 0x0000000707a00000, 0x0000000707b00000|  0%| F|  |TAMS 0x0000000707a00000, 0x0000000707a00000| Untracked 
|  69|0x0000000707b00000, 0x0000000707b00000, 0x0000000707c00000|  0%| F|  |TAMS 0x0000000707b00000, 0x0000000707b00000| Untracked 
|  70|0x0000000707c00000, 0x0000000707c00000, 0x0000000707d00000|  0%| F|  |TAMS 0x0000000707c00000, 0x0000000707c00000| Untracked 
|  71|0x0000000707d00000, 0x0000000707d00000, 0x0000000707e00000|  0%| F|  |TAMS 0x0000000707d00000, 0x0000000707d00000| Untracked 
|  72|0x0000000707e00000, 0x0000000707e00000, 0x0000000707f00000|  0%| F|  |TAMS 0x0000000707e00000, 0x0000000707e00000| Untracked 
|  73|0x0000000707f00000, 0x0000000707f00000, 0x0000000708000000|  0%| F|  |TAMS 0x0000000707f00000, 0x0000000707f00000| Untracked 
|  74|0x0000000708000000, 0x0000000708000000, 0x0000000708100000|  0%| F|  |TAMS 0x0000000708000000, 0x0000000708000000| Untracked 
|  75|0x0000000708100000, 0x0000000708100000, 0x0000000708200000|  0%| F|  |TAMS 0x0000000708100000, 0x0000000708100000| Untracked 
|  76|0x0000000708200000, 0x0000000708200000, 0x0000000708300000|  0%| F|  |TAMS 0x0000000708200000, 0x0000000708200000| Untracked 
|  77|0x0000000708300000, 0x0000000708300000, 0x0000000708400000|  0%| F|  |TAMS 0x0000000708300000, 0x0000000708300000| Untracked 
|  78|0x0000000708400000, 0x0000000708400000, 0x0000000708500000|  0%| F|  |TAMS 0x0000000708400000, 0x0000000708400000| Untracked 
|  79|0x0000000708500000, 0x0000000708500000, 0x0000000708600000|  0%| F|  |TAMS 0x0000000708500000, 0x0000000708500000| Untracked 
|  80|0x0000000708600000, 0x0000000708600000, 0x0000000708700000|  0%| F|  |TAMS 0x0000000708600000, 0x0000000708600000| Untracked 
|  81|0x0000000708700000, 0x0000000708700000, 0x0000000708800000|  0%| F|  |TAMS 0x0000000708700000, 0x0000000708700000| Untracked 
|  82|0x0000000708800000, 0x0000000708800000, 0x0000000708900000|  0%| F|  |TAMS 0x0000000708800000, 0x0000000708800000| Untracked 
|  83|0x0000000708900000, 0x0000000708900000, 0x0000000708a00000|  0%| F|  |TAMS 0x0000000708900000, 0x0000000708900000| Untracked 
|  84|0x0000000708a00000, 0x0000000708a00000, 0x0000000708b00000|  0%| F|  |TAMS 0x0000000708a00000, 0x0000000708a00000| Untracked 
|  85|0x0000000708b00000, 0x0000000708b00000, 0x0000000708c00000|  0%| F|  |TAMS 0x0000000708b00000, 0x0000000708b00000| Untracked 
|  86|0x0000000708c00000, 0x0000000708c00000, 0x0000000708d00000|  0%| F|  |TAMS 0x0000000708c00000, 0x0000000708c00000| Untracked 
|  87|0x0000000708d00000, 0x0000000708d00000, 0x0000000708e00000|  0%| F|  |TAMS 0x0000000708d00000, 0x0000000708d00000| Untracked 
|  88|0x0000000708e00000, 0x0000000708e00000, 0x0000000708f00000|  0%| F|  |TAMS 0x0000000708e00000, 0x0000000708e00000| Untracked 
|  89|0x0000000708f00000, 0x0000000708f00000, 0x0000000709000000|  0%| F|  |TAMS 0x0000000708f00000, 0x0000000708f00000| Untracked 
|  90|0x0000000709000000, 0x0000000709000000, 0x0000000709100000|  0%| F|  |TAMS 0x0000000709000000, 0x0000000709000000| Untracked 
|  91|0x0000000709100000, 0x0000000709100000, 0x0000000709200000|  0%| F|  |TAMS 0x0000000709100000, 0x0000000709100000| Untracked 
|  92|0x0000000709200000, 0x0000000709200000, 0x0000000709300000|  0%| F|  |TAMS 0x0000000709200000, 0x0000000709200000| Untracked 
|  93|0x0000000709300000, 0x0000000709300000, 0x0000000709400000|  0%| F|  |TAMS 0x0000000709300000, 0x0000000709300000| Untracked 
|  94|0x0000000709400000, 0x0000000709400000, 0x0000000709500000|  0%| F|  |TAMS 0x0000000709400000, 0x0000000709400000| Untracked 
|  95|0x0000000709500000, 0x0000000709500000, 0x0000000709600000|  0%| F|  |TAMS 0x0000000709500000, 0x0000000709500000| Untracked 
|  96|0x0000000709600000, 0x0000000709600000, 0x0000000709700000|  0%| F|  |TAMS 0x0000000709600000, 0x0000000709600000| Untracked 
|  97|0x0000000709700000, 0x0000000709700000, 0x0000000709800000|  0%| F|  |TAMS 0x0000000709700000, 0x0000000709700000| Untracked 
|  98|0x0000000709800000, 0x0000000709800000, 0x0000000709900000|  0%| F|  |TAMS 0x0000000709800000, 0x0000000709800000| Untracked 
|  99|0x0000000709900000, 0x0000000709900000, 0x0000000709a00000|  0%| F|  |TAMS 0x0000000709900000, 0x0000000709900000| Untracked 
| 100|0x0000000709a00000, 0x0000000709a00000, 0x0000000709b00000|  0%| F|  |TAMS 0x0000000709a00000, 0x0000000709a00000| Untracked 
| 101|0x0000000709b00000, 0x0000000709b00000, 0x0000000709c00000|  0%| F|  |TAMS 0x0000000709b00000, 0x0000000709b00000| Untracked 
| 102|0x0000000709c00000, 0x0000000709c00000, 0x0000000709d00000|  0%| F|  |TAMS 0x0000000709c00000, 0x0000000709c00000| Untracked 
| 103|0x0000000709d00000, 0x0000000709d00000, 0x0000000709e00000|  0%| F|  |TAMS 0x0000000709d00000, 0x0000000709d00000| Untracked 
| 104|0x0000000709e00000, 0x0000000709e00000, 0x0000000709f00000|  0%| F|  |TAMS 0x0000000709e00000, 0x0000000709e00000| Untracked 
| 105|0x0000000709f00000, 0x0000000709f00000, 0x000000070a000000|  0%| F|  |TAMS 0x0000000709f00000, 0x0000000709f00000| Untracked 
| 106|0x000000070a000000, 0x000000070a000000, 0x000000070a100000|  0%| F|  |TAMS 0x000000070a000000, 0x000000070a000000| Untracked 
| 107|0x000000070a100000, 0x000000070a100000, 0x000000070a200000|  0%| F|  |TAMS 0x000000070a100000, 0x000000070a100000| Untracked 
| 108|0x000000070a200000, 0x000000070a200000, 0x000000070a300000|  0%| F|  |TAMS 0x000000070a200000, 0x000000070a200000| Untracked 
| 109|0x000000070a300000, 0x000000070a300000, 0x000000070a400000|  0%| F|  |TAMS 0x000000070a300000, 0x000000070a300000| Untracked 
| 110|0x000000070a400000, 0x000000070a400000, 0x000000070a500000|  0%| F|  |TAMS 0x000000070a400000, 0x000000070a400000| Untracked 
| 111|0x000000070a500000, 0x000000070a500000, 0x000000070a600000|  0%| F|  |TAMS 0x000000070a500000, 0x000000070a500000| Untracked 
| 112|0x000000070a600000, 0x000000070a600000, 0x000000070a700000|  0%| F|  |TAMS 0x000000070a600000, 0x000000070a600000| Untracked 
| 113|0x000000070a700000, 0x000000070a700000, 0x000000070a800000|  0%| F|  |TAMS 0x000000070a700000, 0x000000070a700000| Untracked 
| 114|0x000000070a800000, 0x000000070a800000, 0x000000070a900000|  0%| F|  |TAMS 0x000000070a800000, 0x000000070a800000| Untracked 
| 115|0x000000070a900000, 0x000000070a900000, 0x000000070aa00000|  0%| F|  |TAMS 0x000000070a900000, 0x000000070a900000| Untracked 
| 116|0x000000070aa00000, 0x000000070aa00000, 0x000000070ab00000|  0%| F|  |TAMS 0x000000070aa00000, 0x000000070aa00000| Untracked 
| 117|0x000000070ab00000, 0x000000070ab00000, 0x000000070ac00000|  0%| F|  |TAMS 0x000000070ab00000, 0x000000070ab00000| Untracked 
| 118|0x000000070ac00000, 0x000000070ac00000, 0x000000070ad00000|  0%| F|  |TAMS 0x000000070ac00000, 0x000000070ac00000| Untracked 
| 119|0x000000070ad00000, 0x000000070ad00000, 0x000000070ae00000|  0%| F|  |TAMS 0x000000070ad00000, 0x000000070ad00000| Untracked 
| 120|0x000000070ae00000, 0x000000070ae00000, 0x000000070af00000|  0%| F|  |TAMS 0x000000070ae00000, 0x000000070ae00000| Untracked 
| 121|0x000000070af00000, 0x000000070af00000, 0x000000070b000000|  0%| F|  |TAMS 0x000000070af00000, 0x000000070af00000| Untracked 
| 122|0x000000070b000000, 0x000000070b000000, 0x000000070b100000|  0%| F|  |TAMS 0x000000070b000000, 0x000000070b000000| Untracked 
| 123|0x000000070b100000, 0x000000070b100000, 0x000000070b200000|  0%| F|  |TAMS 0x000000070b100000, 0x000000070b100000| Untracked 
| 124|0x000000070b200000, 0x000000070b200000, 0x000000070b300000|  0%| F|  |TAMS 0x000000070b200000, 0x000000070b200000| Untracked 
| 125|0x000000070b300000, 0x000000070b300000, 0x000000070b400000|  0%| F|  |TAMS 0x000000070b300000, 0x000000070b300000| Untracked 
| 126|0x000000070b400000, 0x000000070b400000, 0x000000070b500000|  0%| F|  |TAMS 0x000000070b400000, 0x000000070b400000| Untracked 
| 127|0x000000070b500000, 0x000000070b500000, 0x000000070b600000|  0%| F|  |TAMS 0x000000070b500000, 0x000000070b500000| Untracked 
| 128|0x000000070b600000, 0x000000070b600000, 0x000000070b700000|  0%| F|  |TAMS 0x000000070b600000, 0x000000070b600000| Untracked 
| 129|0x000000070b700000, 0x000000070b700000, 0x000000070b800000|  0%| F|  |TAMS 0x000000070b700000, 0x000000070b700000| Untracked 
| 130|0x000000070b800000, 0x000000070b800000, 0x000000070b900000|  0%| F|  |TAMS 0x000000070b800000, 0x000000070b800000| Untracked 
| 131|0x000000070b900000, 0x000000070b900000, 0x000000070ba00000|  0%| F|  |TAMS 0x000000070b900000, 0x000000070b900000| Untracked 
| 132|0x000000070ba00000, 0x000000070ba00000, 0x000000070bb00000|  0%| F|  |TAMS 0x000000070ba00000, 0x000000070ba00000| Untracked 
| 133|0x000000070bb00000, 0x000000070bb00000, 0x000000070bc00000|  0%| F|  |TAMS 0x000000070bb00000, 0x000000070bb00000| Untracked 
| 134|0x000000070bc00000, 0x000000070bc00000, 0x000000070bd00000|  0%| F|  |TAMS 0x000000070bc00000, 0x000000070bc00000| Untracked 
| 135|0x000000070bd00000, 0x000000070bd00000, 0x000000070be00000|  0%| F|  |TAMS 0x000000070bd00000, 0x000000070bd00000| Untracked 
| 136|0x000000070be00000, 0x000000070be00000, 0x000000070bf00000|  0%| F|  |TAMS 0x000000070be00000, 0x000000070be00000| Untracked 
| 137|0x000000070bf00000, 0x000000070bf00000, 0x000000070c000000|  0%| F|  |TAMS 0x000000070bf00000, 0x000000070bf00000| Untracked 
| 138|0x000000070c000000, 0x000000070c000000, 0x000000070c100000|  0%| F|  |TAMS 0x000000070c000000, 0x000000070c000000| Untracked 
| 139|0x000000070c100000, 0x000000070c100000, 0x000000070c200000|  0%| F|  |TAMS 0x000000070c100000, 0x000000070c100000| Untracked 
| 140|0x000000070c200000, 0x000000070c200000, 0x000000070c300000|  0%| F|  |TAMS 0x000000070c200000, 0x000000070c200000| Untracked 
| 141|0x000000070c300000, 0x000000070c300000, 0x000000070c400000|  0%| F|  |TAMS 0x000000070c300000, 0x000000070c300000| Untracked 
| 142|0x000000070c400000, 0x000000070c400000, 0x000000070c500000|  0%| F|  |TAMS 0x000000070c400000, 0x000000070c400000| Untracked 
| 143|0x000000070c500000, 0x000000070c500000, 0x000000070c600000|  0%| F|  |TAMS 0x000000070c500000, 0x000000070c500000| Untracked 
| 144|0x000000070c600000, 0x000000070c600000, 0x000000070c700000|  0%| F|  |TAMS 0x000000070c600000, 0x000000070c600000| Untracked 
| 145|0x000000070c700000, 0x000000070c700000, 0x000000070c800000|  0%| F|  |TAMS 0x000000070c700000, 0x000000070c700000| Untracked 
| 146|0x000000070c800000, 0x000000070c800000, 0x000000070c900000|  0%| F|  |TAMS 0x000000070c800000, 0x000000070c800000| Untracked 
| 147|0x000000070c900000, 0x000000070c900000, 0x000000070ca00000|  0%| F|  |TAMS 0x000000070c900000, 0x000000070c900000| Untracked 
| 148|0x000000070ca00000, 0x000000070ca00000, 0x000000070cb00000|  0%| F|  |TAMS 0x000000070ca00000, 0x000000070ca00000| Untracked 
| 149|0x000000070cb00000, 0x000000070cb00000, 0x000000070cc00000|  0%| F|  |TAMS 0x000000070cb00000, 0x000000070cb00000| Untracked 
| 150|0x000000070cc00000, 0x000000070cc00000, 0x000000070cd00000|  0%| F|  |TAMS 0x000000070cc00000, 0x000000070cc00000| Untracked 
| 151|0x000000070cd00000, 0x000000070cd00000, 0x000000070ce00000|  0%| F|  |TAMS 0x000000070cd00000, 0x000000070cd00000| Untracked 
| 152|0x000000070ce00000, 0x000000070ce00000, 0x000000070cf00000|  0%| F|  |TAMS 0x000000070ce00000, 0x000000070ce00000| Untracked 
| 153|0x000000070cf00000, 0x000000070cf00000, 0x000000070d000000|  0%| F|  |TAMS 0x000000070cf00000, 0x000000070cf00000| Untracked 
| 154|0x000000070d000000, 0x000000070d000000, 0x000000070d100000|  0%| F|  |TAMS 0x000000070d000000, 0x000000070d000000| Untracked 
| 155|0x000000070d100000, 0x000000070d100000, 0x000000070d200000|  0%| F|  |TAMS 0x000000070d100000, 0x000000070d100000| Untracked 
| 156|0x000000070d200000, 0x000000070d200000, 0x000000070d300000|  0%| F|  |TAMS 0x000000070d200000, 0x000000070d200000| Untracked 
| 157|0x000000070d300000, 0x000000070d300000, 0x000000070d400000|  0%| F|  |TAMS 0x000000070d300000, 0x000000070d300000| Untracked 
| 158|0x000000070d400000, 0x000000070d400000, 0x000000070d500000|  0%| F|  |TAMS 0x000000070d400000, 0x000000070d400000| Untracked 
| 159|0x000000070d500000, 0x000000070d500000, 0x000000070d600000|  0%| F|  |TAMS 0x000000070d500000, 0x000000070d500000| Untracked 
| 160|0x000000070d600000, 0x000000070d600000, 0x000000070d700000|  0%| F|  |TAMS 0x000000070d600000, 0x000000070d600000| Untracked 
| 161|0x000000070d700000, 0x000000070d700000, 0x000000070d800000|  0%| F|  |TAMS 0x000000070d700000, 0x000000070d700000| Untracked 
| 162|0x000000070d800000, 0x000000070d800000, 0x000000070d900000|  0%| F|  |TAMS 0x000000070d800000, 0x000000070d800000| Untracked 
| 163|0x000000070d900000, 0x000000070d900000, 0x000000070da00000|  0%| F|  |TAMS 0x000000070d900000, 0x000000070d900000| Untracked 
| 164|0x000000070da00000, 0x000000070da00000, 0x000000070db00000|  0%| F|  |TAMS 0x000000070da00000, 0x000000070da00000| Untracked 
| 165|0x000000070db00000, 0x000000070db00000, 0x000000070dc00000|  0%| F|  |TAMS 0x000000070db00000, 0x000000070db00000| Untracked 
| 166|0x000000070dc00000, 0x000000070dc00000, 0x000000070dd00000|  0%| F|  |TAMS 0x000000070dc00000, 0x000000070dc00000| Untracked 
| 167|0x000000070dd00000, 0x000000070dd00000, 0x000000070de00000|  0%| F|  |TAMS 0x000000070dd00000, 0x000000070dd00000| Untracked 
| 168|0x000000070de00000, 0x000000070de00000, 0x000000070df00000|  0%| F|  |TAMS 0x000000070de00000, 0x000000070de00000| Untracked 
| 169|0x000000070df00000, 0x000000070df00000, 0x000000070e000000|  0%| F|  |TAMS 0x000000070df00000, 0x000000070df00000| Untracked 
| 170|0x000000070e000000, 0x000000070e000000, 0x000000070e100000|  0%| F|  |TAMS 0x000000070e000000, 0x000000070e000000| Untracked 
| 171|0x000000070e100000, 0x000000070e100000, 0x000000070e200000|  0%| F|  |TAMS 0x000000070e100000, 0x000000070e100000| Untracked 
| 172|0x000000070e200000, 0x000000070e200000, 0x000000070e300000|  0%| F|  |TAMS 0x000000070e200000, 0x000000070e200000| Untracked 
| 173|0x000000070e300000, 0x000000070e300000, 0x000000070e400000|  0%| F|  |TAMS 0x000000070e300000, 0x000000070e300000| Untracked 
| 174|0x000000070e400000, 0x000000070e400000, 0x000000070e500000|  0%| F|  |TAMS 0x000000070e400000, 0x000000070e400000| Untracked 
| 175|0x000000070e500000, 0x000000070e500000, 0x000000070e600000|  0%| F|  |TAMS 0x000000070e500000, 0x000000070e500000| Untracked 
| 176|0x000000070e600000, 0x000000070e600000, 0x000000070e700000|  0%| F|  |TAMS 0x000000070e600000, 0x000000070e600000| Untracked 
| 177|0x000000070e700000, 0x000000070e700000, 0x000000070e800000|  0%| F|  |TAMS 0x000000070e700000, 0x000000070e700000| Untracked 
| 178|0x000000070e800000, 0x000000070e800000, 0x000000070e900000|  0%| F|  |TAMS 0x000000070e800000, 0x000000070e800000| Untracked 
| 179|0x000000070e900000, 0x000000070e900000, 0x000000070ea00000|  0%| F|  |TAMS 0x000000070e900000, 0x000000070e900000| Untracked 
| 180|0x000000070ea00000, 0x000000070ea00000, 0x000000070eb00000|  0%| F|  |TAMS 0x000000070ea00000, 0x000000070ea00000| Untracked 
| 181|0x000000070eb00000, 0x000000070eb00000, 0x000000070ec00000|  0%| F|  |TAMS 0x000000070eb00000, 0x000000070eb00000| Untracked 
| 182|0x000000070ec00000, 0x000000070ec00000, 0x000000070ed00000|  0%| F|  |TAMS 0x000000070ec00000, 0x000000070ec00000| Untracked 
| 183|0x000000070ed00000, 0x000000070ed00000, 0x000000070ee00000|  0%| F|  |TAMS 0x000000070ed00000, 0x000000070ed00000| Untracked 
| 184|0x000000070ee00000, 0x000000070ee00000, 0x000000070ef00000|  0%| F|  |TAMS 0x000000070ee00000, 0x000000070ee00000| Untracked 
| 185|0x000000070ef00000, 0x000000070ef00000, 0x000000070f000000|  0%| F|  |TAMS 0x000000070ef00000, 0x000000070ef00000| Untracked 
| 186|0x000000070f000000, 0x000000070f000000, 0x000000070f100000|  0%| F|  |TAMS 0x000000070f000000, 0x000000070f000000| Untracked 
| 187|0x000000070f100000, 0x000000070f100000, 0x000000070f200000|  0%| F|  |TAMS 0x000000070f100000, 0x000000070f100000| Untracked 
| 188|0x000000070f200000, 0x000000070f200000, 0x000000070f300000|  0%| F|  |TAMS 0x000000070f200000, 0x000000070f200000| Untracked 
| 189|0x000000070f300000, 0x000000070f300000, 0x000000070f400000|  0%| F|  |TAMS 0x000000070f300000, 0x000000070f300000| Untracked 
| 190|0x000000070f400000, 0x000000070f400000, 0x000000070f500000|  0%| F|  |TAMS 0x000000070f400000, 0x000000070f400000| Untracked 
| 191|0x000000070f500000, 0x000000070f500000, 0x000000070f600000|  0%| F|  |TAMS 0x000000070f500000, 0x000000070f500000| Untracked 
| 192|0x000000070f600000, 0x000000070f600000, 0x000000070f700000|  0%| F|  |TAMS 0x000000070f600000, 0x000000070f600000| Untracked 
| 193|0x000000070f700000, 0x000000070f700000, 0x000000070f800000|  0%| F|  |TAMS 0x000000070f700000, 0x000000070f700000| Untracked 
| 194|0x000000070f800000, 0x000000070f800000, 0x000000070f900000|  0%| F|  |TAMS 0x000000070f800000, 0x000000070f800000| Untracked 
| 195|0x000000070f900000, 0x000000070f900000, 0x000000070fa00000|  0%| F|  |TAMS 0x000000070f900000, 0x000000070f900000| Untracked 
| 196|0x000000070fa00000, 0x000000070fa00000, 0x000000070fb00000|  0%| F|  |TAMS 0x000000070fa00000, 0x000000070fa00000| Untracked 
| 197|0x000000070fb00000, 0x000000070fb00000, 0x000000070fc00000|  0%| F|  |TAMS 0x000000070fb00000, 0x000000070fb00000| Untracked 
| 198|0x000000070fc00000, 0x000000070fc00000, 0x000000070fd00000|  0%| F|  |TAMS 0x000000070fc00000, 0x000000070fc00000| Untracked 
| 199|0x000000070fd00000, 0x000000070fd00000, 0x000000070fe00000|  0%| F|  |TAMS 0x000000070fd00000, 0x000000070fd00000| Untracked 
| 200|0x000000070fe00000, 0x000000070fe00000, 0x000000070ff00000|  0%| F|  |TAMS 0x000000070fe00000, 0x000000070fe00000| Untracked 
| 201|0x000000070ff00000, 0x000000070ff00000, 0x0000000710000000|  0%| F|  |TAMS 0x000000070ff00000, 0x000000070ff00000| Untracked 
| 202|0x0000000710000000, 0x0000000710000000, 0x0000000710100000|  0%| F|  |TAMS 0x0000000710000000, 0x0000000710000000| Untracked 
| 203|0x0000000710100000, 0x0000000710100000, 0x0000000710200000|  0%| F|  |TAMS 0x0000000710100000, 0x0000000710100000| Untracked 
| 204|0x0000000710200000, 0x0000000710200000, 0x0000000710300000|  0%| F|  |TAMS 0x0000000710200000, 0x0000000710200000| Untracked 
| 205|0x0000000710300000, 0x0000000710300000, 0x0000000710400000|  0%| F|  |TAMS 0x0000000710300000, 0x0000000710300000| Untracked 
| 206|0x0000000710400000, 0x0000000710400000, 0x0000000710500000|  0%| F|  |TAMS 0x0000000710400000, 0x0000000710400000| Untracked 
| 207|0x0000000710500000, 0x0000000710500000, 0x0000000710600000|  0%| F|  |TAMS 0x0000000710500000, 0x0000000710500000| Untracked 
| 208|0x0000000710600000, 0x0000000710600000, 0x0000000710700000|  0%| F|  |TAMS 0x0000000710600000, 0x0000000710600000| Untracked 
| 209|0x0000000710700000, 0x0000000710700000, 0x0000000710800000|  0%| F|  |TAMS 0x0000000710700000, 0x0000000710700000| Untracked 
| 210|0x0000000710800000, 0x0000000710800000, 0x0000000710900000|  0%| F|  |TAMS 0x0000000710800000, 0x0000000710800000| Untracked 
| 211|0x0000000710900000, 0x0000000710900000, 0x0000000710a00000|  0%| F|  |TAMS 0x0000000710900000, 0x0000000710900000| Untracked 
| 212|0x0000000710a00000, 0x0000000710a00000, 0x0000000710b00000|  0%| F|  |TAMS 0x0000000710a00000, 0x0000000710a00000| Untracked 
| 213|0x0000000710b00000, 0x0000000710b00000, 0x0000000710c00000|  0%| F|  |TAMS 0x0000000710b00000, 0x0000000710b00000| Untracked 
| 214|0x0000000710c00000, 0x0000000710c00000, 0x0000000710d00000|  0%| F|  |TAMS 0x0000000710c00000, 0x0000000710c00000| Untracked 
| 215|0x0000000710d00000, 0x0000000710d00000, 0x0000000710e00000|  0%| F|  |TAMS 0x0000000710d00000, 0x0000000710d00000| Untracked 
| 216|0x0000000710e00000, 0x0000000710e00000, 0x0000000710f00000|  0%| F|  |TAMS 0x0000000710e00000, 0x0000000710e00000| Untracked 
| 217|0x0000000710f00000, 0x0000000710f00000, 0x0000000711000000|  0%| F|  |TAMS 0x0000000710f00000, 0x0000000710f00000| Untracked 
| 218|0x0000000711000000, 0x0000000711000000, 0x0000000711100000|  0%| F|  |TAMS 0x0000000711000000, 0x0000000711000000| Untracked 
| 219|0x0000000711100000, 0x0000000711100000, 0x0000000711200000|  0%| F|  |TAMS 0x0000000711100000, 0x0000000711100000| Untracked 
| 220|0x0000000711200000, 0x0000000711200000, 0x0000000711300000|  0%| F|  |TAMS 0x0000000711200000, 0x0000000711200000| Untracked 
| 221|0x0000000711300000, 0x0000000711300000, 0x0000000711400000|  0%| F|  |TAMS 0x0000000711300000, 0x0000000711300000| Untracked 
| 222|0x0000000711400000, 0x0000000711400000, 0x0000000711500000|  0%| F|  |TAMS 0x0000000711400000, 0x0000000711400000| Untracked 
| 223|0x0000000711500000, 0x0000000711500000, 0x0000000711600000|  0%| F|  |TAMS 0x0000000711500000, 0x0000000711500000| Untracked 
| 224|0x0000000711600000, 0x0000000711600000, 0x0000000711700000|  0%| F|  |TAMS 0x0000000711600000, 0x0000000711600000| Untracked 
| 225|0x0000000711700000, 0x0000000711700000, 0x0000000711800000|  0%| F|  |TAMS 0x0000000711700000, 0x0000000711700000| Untracked 
| 226|0x0000000711800000, 0x0000000711800000, 0x0000000711900000|  0%| F|  |TAMS 0x0000000711800000, 0x0000000711800000| Untracked 
| 227|0x0000000711900000, 0x0000000711900000, 0x0000000711a00000|  0%| F|  |TAMS 0x0000000711900000, 0x0000000711900000| Untracked 
| 228|0x0000000711a00000, 0x0000000711acab78, 0x0000000711b00000| 79%| S|CS|TAMS 0x0000000711a00000, 0x0000000711a00000| Complete 
| 229|0x0000000711b00000, 0x0000000711c00000, 0x0000000711c00000|100%| S|CS|TAMS 0x0000000711b00000, 0x0000000711b00000| Complete 
| 230|0x0000000711c00000, 0x0000000711d00000, 0x0000000711d00000|100%| E|  |TAMS 0x0000000711c00000, 0x0000000711c00000| Complete 
| 231|0x0000000711d00000, 0x0000000711e00000, 0x0000000711e00000|100%| E|CS|TAMS 0x0000000711d00000, 0x0000000711d00000| Complete 
| 232|0x0000000711e00000, 0x0000000711f00000, 0x0000000711f00000|100%| E|CS|TAMS 0x0000000711e00000, 0x0000000711e00000| Complete 
| 233|0x0000000711f00000, 0x0000000712000000, 0x0000000712000000|100%| E|CS|TAMS 0x0000000711f00000, 0x0000000711f00000| Complete 
| 234|0x0000000712000000, 0x0000000712100000, 0x0000000712100000|100%| E|CS|TAMS 0x0000000712000000, 0x0000000712000000| Complete 
| 235|0x0000000712100000, 0x0000000712200000, 0x0000000712200000|100%| E|CS|TAMS 0x0000000712100000, 0x0000000712100000| Complete 
| 236|0x0000000712200000, 0x0000000712300000, 0x0000000712300000|100%| E|CS|TAMS 0x0000000712200000, 0x0000000712200000| Complete 
| 237|0x0000000712300000, 0x0000000712400000, 0x0000000712400000|100%| E|CS|TAMS 0x0000000712300000, 0x0000000712300000| Complete 
| 238|0x0000000712400000, 0x0000000712500000, 0x0000000712500000|100%| E|CS|TAMS 0x0000000712400000, 0x0000000712400000| Complete 
| 239|0x0000000712500000, 0x0000000712600000, 0x0000000712600000|100%| E|CS|TAMS 0x0000000712500000, 0x0000000712500000| Complete 
| 240|0x0000000712600000, 0x0000000712700000, 0x0000000712700000|100%| E|CS|TAMS 0x0000000712600000, 0x0000000712600000| Complete 
| 241|0x0000000712700000, 0x0000000712800000, 0x0000000712800000|100%| E|CS|TAMS 0x0000000712700000, 0x0000000712700000| Complete 
| 242|0x0000000712800000, 0x0000000712900000, 0x0000000712900000|100%| E|CS|TAMS 0x0000000712800000, 0x0000000712800000| Complete 
| 243|0x0000000712900000, 0x0000000712a00000, 0x0000000712a00000|100%| E|CS|TAMS 0x0000000712900000, 0x0000000712900000| Complete 
| 244|0x0000000712a00000, 0x0000000712b00000, 0x0000000712b00000|100%| E|CS|TAMS 0x0000000712a00000, 0x0000000712a00000| Complete 
| 245|0x0000000712b00000, 0x0000000712c00000, 0x0000000712c00000|100%| E|CS|TAMS 0x0000000712b00000, 0x0000000712b00000| Complete 
| 246|0x0000000712c00000, 0x0000000712d00000, 0x0000000712d00000|100%| E|CS|TAMS 0x0000000712c00000, 0x0000000712c00000| Complete 
| 247|0x0000000712d00000, 0x0000000712e00000, 0x0000000712e00000|100%| E|CS|TAMS 0x0000000712d00000, 0x0000000712d00000| Complete 
| 248|0x0000000712e00000, 0x0000000712f00000, 0x0000000712f00000|100%| E|CS|TAMS 0x0000000712e00000, 0x0000000712e00000| Complete 
| 249|0x0000000712f00000, 0x0000000713000000, 0x0000000713000000|100%| E|CS|TAMS 0x0000000712f00000, 0x0000000712f00000| Complete 
| 250|0x0000000713000000, 0x0000000713100000, 0x0000000713100000|100%| E|CS|TAMS 0x0000000713000000, 0x0000000713000000| Complete 
| 251|0x0000000713100000, 0x0000000713200000, 0x0000000713200000|100%| E|CS|TAMS 0x0000000713100000, 0x0000000713100000| Complete 
| 252|0x0000000713200000, 0x0000000713300000, 0x0000000713300000|100%| E|CS|TAMS 0x0000000713200000, 0x0000000713200000| Complete 
| 253|0x0000000713300000, 0x0000000713400000, 0x0000000713400000|100%| E|CS|TAMS 0x0000000713300000, 0x0000000713300000| Complete 

Card table byte_map: [0x0000022ed9cc0000,0x0000022eda4b0000] _byte_map_base: 0x0000022ed64a5000

Marking Bits (Prev, Next): (CMBitMap*) 0x0000022ec61447e8, (CMBitMap*) 0x0000022ec6144820
 Prev Bits: [0x0000022edaca0000, 0x0000022edebc8000)
 Next Bits: [0x0000022edebd0000, 0x0000022ee2af8000)

Polling page: 0x0000022ec3f40000

Metaspace:

Usage:
  Non-class:     12.99 MB capacity,    12.81 MB ( 99%) used,   152.56 KB (  1%) free+waste,    32.25 KB ( <1%) overhead. 
      Class:      1.40 MB capacity,     1.27 MB ( 90%) used,   124.62 KB (  9%) free+waste,    14.88 KB (  1%) overhead. 
       Both:     14.39 MB capacity,    14.08 MB ( 98%) used,   277.18 KB (  2%) free+waste,    47.13 KB ( <1%) overhead. 

Virtual space:
  Non-class space:       14.00 MB reserved,      13.00 MB ( 93%) committed 
      Class space:        1.00 GB reserved,       1.50 MB ( <1%) committed 
             Both:        1.01 GB reserved,      14.50 MB (  1%) committed 

Chunk freelists:
   Non-Class:  8.00 KB
       Class:  5.00 KB
        Both:  13.00 KB

MaxMetaspaceSize: 17179869184.00 GB
CompressedClassSpaceSize: 1.00 GB

CodeHeap 'non-profiled nmethods': size=120000Kb used=748Kb max_used=748Kb free=119251Kb
 bounds [0x0000022ed1c70000, 0x0000022ed1ee0000, 0x0000022ed91a0000]
CodeHeap 'profiled nmethods': size=120000Kb used=3249Kb max_used=3249Kb free=116750Kb
 bounds [0x0000022eca740000, 0x0000022ecaa70000, 0x0000022ed1c70000]
CodeHeap 'non-nmethods': size=5760Kb used=1258Kb max_used=1282Kb free=4501Kb
 bounds [0x0000022eca1a0000, 0x0000022eca410000, 0x0000022eca740000]
 total_blobs=3031 nmethods=1657 adapters=557
 compilation: enabled
              stopped_count=0, restarted_count=0
 full_count=0

Compilation events (20 events):
Event: 24.906 Thread 0x0000022ee5699000 1644       4       java.lang.invoke.DirectMethodHandle$Holder::invokeStatic (15 bytes)
Event: 24.908 Thread 0x0000022ee5699000 nmethod 1644 0x0000022ed1d23d10 code [0x0000022ed1d23ec0, 0x0000022ed1d23f68]
Event: 25.688 Thread 0x0000022ee5699000 1645 %     4       com.supinfo.project.crashbandicoot.entities.Player::update @ 473 (879 bytes)
Event: 25.789 Thread 0x0000022ee5699000 nmethod 1645% 0x0000022ed1d24090 code [0x0000022ed1d242a0, 0x0000022ed1d24f58]
Event: 25.874 Thread 0x0000022ee5699000 1646 %     4       com.supinfo.project.crashbandicoot.entities.Player::update @ 537 (879 bytes)
Event: 25.938 Thread 0x0000022ee5699000 nmethod 1646% 0x0000022ed1d25510 code [0x0000022ed1d25700, 0x0000022ed1d25f18]
Event: 26.125 Thread 0x0000022ee5699000 1647       4       com.supinfo.project.crashbandicoot.entities.Player::update (879 bytes)
Event: 26.283 Thread 0x0000022ee5699000 nmethod 1647 0x0000022ed1d26290 code [0x0000022ed1d26640, 0x0000022ed1d29308]
Event: 26.948 Thread 0x0000022ee5699000 1648       4       java.nio.MappedByteBuffer::position (6 bytes)
Event: 26.951 Thread 0x0000022ee5699000 nmethod 1648 0x0000022ed1d2a110 code [0x0000022ed1d2a2a0, 0x0000022ed1d2a378]
Event: 27.010 Thread 0x0000022ee5f97800 1649       3       org.lwjgl.opengl.WindowsDisplay::handleMessage (29 bytes)
Event: 27.011 Thread 0x0000022ee5f97800 nmethod 1649 0x0000022ecaa64690 code [0x0000022ecaa64860, 0x0000022ecaa64a80]
Event: 27.011 Thread 0x0000022ee5f97800 1650       3       org.lwjgl.opengl.WindowsDisplay::doHandleMessage (969 bytes)
Event: 27.018 Thread 0x0000022ee5f97800 nmethod 1650 0x0000022ecaa64b90 code [0x0000022ecaa65020, 0x0000022ecaa671b0]
Event: 27.559 Thread 0x0000022ee5f97800 1652       3       com.supinfo.project.crashbandicoot.entities.Player::update (879 bytes)
Event: 27.568 Thread 0x0000022ee5f97800 nmethod 1652 0x0000022ecaa67990 code [0x0000022ecaa67f60, 0x0000022ecaa6af90]
Event: 28.497 Thread 0x0000022ee5f97800 1654       3       java.lang.Enum::<init> (15 bytes)
Event: 28.497 Thread 0x0000022ee5f97800 nmethod 1654 0x0000022ecaa6bc10 code [0x0000022ecaa6bdc0, 0x0000022ecaa6bfd8]
Event: 28.508 Thread 0x0000022ee5f97800 1655       3       java.lang.invoke.MethodHandleNatives::refKindIsField (32 bytes)
Event: 28.509 Thread 0x0000022ee5f97800 nmethod 1655 0x0000022ecaa6c090 code [0x0000022ecaa6c240, 0x0000022ecaa6c3f8]

GC Heap History (2 events):
Event: 4.850 GC heap before
{Heap before GC invocations=0 (full 0):
 garbage-first heap   total 260096K, used 54272K [0x0000000703600000, 0x0000000800000000)
  region size 1024K, 24 young (24576K), 0 survivors (0K)
 Metaspace       used 10506K, capacity 10686K, committed 10752K, reserved 1058816K
  class space    used 920K, capacity 1000K, committed 1024K, reserved 1048576K
}
Event: 5.300 GC heap after
{Heap after GC invocations=1 (full 0):
 garbage-first heap   total 260096K, used 14122K [0x0000000703600000, 0x0000000800000000)
  region size 1024K, 2 young (2048K), 2 survivors (2048K)
 Metaspace       used 10506K, capacity 10686K, committed 10752K, reserved 1058816K
  class space    used 920K, capacity 1000K, committed 1024K, reserved 1048576K
}

Deoptimization events (20 events):
Event: 23.781 Thread 0x0000022ec60de800 DEOPT PACKING pc=0x0000022ed1d16b60 sp=0x00000072be4fef90
Event: 23.781 Thread 0x0000022ec60de800 DEOPT UNPACKING pc=0x0000022eca1c91af sp=0x00000072be4fef50 mode 2
Event: 23.824 Thread 0x0000022ec60de800 Uncommon trap: trap_request=0xffffff4d fr.pc=0x0000022ed1d14cb0 relative=0x0000000000000630
Event: 23.824 Thread 0x0000022ec60de800 Uncommon trap: reason=unstable_if action=reinterpret pc=0x0000022ed1d14cb0 method=com.supinfo.project.crashbandicoot.entities.Player.update()V @ 628 c2
Event: 23.824 Thread 0x0000022ec60de800 DEOPT PACKING pc=0x0000022ed1d14cb0 sp=0x00000072be4ff110
Event: 23.824 Thread 0x0000022ec60de800 DEOPT UNPACKING pc=0x0000022eca1c91af sp=0x00000072be4ff0d8 mode 2
Event: 24.193 Thread 0x0000022ec60de800 Uncommon trap: trap_request=0xffffff4d fr.pc=0x0000022ed1d0219c relative=0x000000000000071c
Event: 24.193 Thread 0x0000022ec60de800 Uncommon trap: reason=unstable_if action=reinterpret pc=0x0000022ed1d0219c method=com.supinfo.project.crashbandicoot.game.tiles.Tile.render()V @ 60 c2
Event: 24.193 Thread 0x0000022ec60de800 DEOPT PACKING pc=0x0000022ed1d0219c sp=0x00000072be4ff0d0
Event: 24.193 Thread 0x0000022ec60de800 DEOPT UNPACKING pc=0x0000022eca1c91af sp=0x00000072be4ff068 mode 2
Event: 26.125 Thread 0x0000022ec60de800 DEOPT PACKING pc=0x0000022ecaa57ebc sp=0x00000072be4ff0c0
Event: 26.125 Thread 0x0000022ec60de800 DEOPT UNPACKING pc=0x0000022eca1c8fce sp=0x00000072be4fe5d8 mode 0
Event: 27.474 Thread 0x0000022ec60de800 Uncommon trap: trap_request=0xffffff4d fr.pc=0x0000022ed1d291c4 relative=0x0000000000002b84
Event: 27.474 Thread 0x0000022ec60de800 Uncommon trap: reason=unstable_if action=reinterpret pc=0x0000022ed1d291c4 method=com.supinfo.project.crashbandicoot.entities.Player.update()V @ 781 c2
Event: 27.474 Thread 0x0000022ec60de800 DEOPT PACKING pc=0x0000022ed1d291c4 sp=0x00000072be4ff110
Event: 27.474 Thread 0x0000022ec60de800 DEOPT UNPACKING pc=0x0000022eca1c91af sp=0x00000072be4ff0d8 mode 2
Event: 27.559 Thread 0x0000022ec60de800 Uncommon trap: trap_request=0xffffff4d fr.pc=0x0000022ed1d25e7c relative=0x000000000000077c
Event: 27.559 Thread 0x0000022ec60de800 Uncommon trap: reason=unstable_if action=reinterpret pc=0x0000022ed1d25e7c method=com.supinfo.project.crashbandicoot.entities.Player.update()V @ 781 c2
Event: 27.559 Thread 0x0000022ec60de800 DEOPT PACKING pc=0x0000022ed1d25e7c sp=0x00000072be4ff110
Event: 27.559 Thread 0x0000022ec60de800 DEOPT UNPACKING pc=0x0000022eca1c91af sp=0x00000072be4ff0d8 mode 2

Classes redefined (0 events):
No events

Internal exceptions (16 events):
Event: 2.454 Thread 0x0000022ec60de800 Exception <a 'java/lang/ClassNotFoundException'{0x0000000712e818e8}: sun/awt/resources/spi/awtProvider> (0x0000000712e818e8) thrown at [c:/BuildAgent/work/5ff2f6c26000d570/src/hotspot/share/classfile/systemDictionary.cpp, line 231]
Event: 2.561 Thread 0x0000022ec60de800 Exception <a 'java/io/FileNotFoundException'{0x0000000712d15c38}> (0x0000000712d15c38) thrown at [c:/BuildAgent/work/5ff2f6c26000d570/src/hotspot/share/prims/jni.cpp, line 615]
Event: 2.594 Thread 0x0000022ec60de800 Exception <a 'java/lang/NoSuchMethodError'{0x0000000712d708f8}: 'java.lang.Object java.lang.invoke.DirectMethodHandle$Holder.invokeStatic(java.lang.Object, java.lang.Object, java.lang.Object, java.lang.Object, java.lang.Object, java.lang.Object, java.lang
Event: 2.601 Thread 0x0000022ec60de800 Exception <a 'java/lang/NoSuchMethodError'{0x0000000712d7e8a8}: 'java.lang.Object java.lang.invoke.DirectMethodHandle$Holder.invokeStatic(java.lang.Object, java.lang.Object, java.lang.Object, java.lang.Object, java.lang.Object, java.lang.Object, java.lang
Event: 2.606 Thread 0x0000022ec60de800 Exception <a 'java/lang/NoSuchMethodError'{0x0000000712d8c548}: 'java.lang.Object java.lang.invoke.DirectMethodHandle$Holder.invokeSpecial(java.lang.Object, java.lang.Object, int, int, java.lang.Object, java.lang.Object, java.lang.Object)'> (0x0000000712d
Event: 2.607 Thread 0x0000022ec60de800 Exception <a 'java/lang/NoSuchMethodError'{0x0000000712d8fad8}: 'java.lang.Object java.lang.invoke.DelegatingMethodHandle$Holder.reinvoke_L(java.lang.Object, int, int, java.lang.Object, java.lang.Object, java.lang.Object)'> (0x0000000712d8fad8) thrown at 
Event: 2.608 Thread 0x0000022ec60de800 Exception <a 'java/lang/NoSuchMethodError'{0x0000000712d93e60}: 'java.lang.Object java.lang.invoke.DirectMethodHandle$Holder.invokeStatic(java.lang.Object, java.lang.Object, java.lang.Object, java.lang.Object, int)'> (0x0000000712d93e60) thrown at [c:/Bui
Event: 2.638 Thread 0x0000022ec60de800 Exception <a 'java/io/FileNotFoundException'{0x0000000712df68a0}> (0x0000000712df68a0) thrown at [c:/BuildAgent/work/5ff2f6c26000d570/src/hotspot/share/prims/jni.cpp, line 615]
Event: 8.640 Thread 0x0000022ef2290000 Exception <a 'java/lang/NoSuchMethodError'{0x0000000712185840}: 'void java.lang.invoke.DirectMethodHandle$Holder.invokeSpecial(java.lang.Object, java.lang.Object)'> (0x0000000712185840) thrown at [c:/BuildAgent/work/5ff2f6c26000d570/src/hotspot/share/inte
Event: 8.654 Thread 0x0000022ec60de800 Exception <a 'java/lang/NoSuchMethodError'{0x0000000712021f58}: 'java.lang.Object java.lang.invoke.DirectMethodHandle$Holder.invokeStatic(java.lang.Object, java.lang.Object, java.lang.Object, java.lang.Object, java.lang.Object, java.lang.Object, java.lang
Event: 8.663 Thread 0x0000022ec60de800 Exception <a 'java/lang/NoSuchMethodError'{0x000000071203be98}: 'java.lang.Object java.lang.invoke.DirectMethodHandle$Holder.invokeStatic(java.lang.Object, java.lang.Object, java.lang.Object, java.lang.Object, java.lang.Object, java.lang.Object, java.lang
Event: 8.683 Thread 0x0000022ec60de800 Exception <a 'java/lang/NoSuchMethodError'{0x000000071207a440}: 'java.lang.Object java.lang.invoke.DirectMethodHandle$Holder.invokeStatic(java.lang.Object, java.lang.Object, java.lang.Object, java.lang.Object, java.lang.Object, java.lang.Object, java.lang
Event: 8.689 Thread 0x0000022ec60de800 Exception <a 'java/lang/NoSuchMethodError'{0x0000000712098598}: 'java.lang.Object java.lang.invoke.DirectMethodHandle$Holder.invokeStatic(java.lang.Object, java.lang.Object, java.lang.Object, java.lang.Object, java.lang.Object, java.lang.Object, java.lang
Event: 8.697 Thread 0x0000022ec60de800 Exception <a 'java/lang/NoSuchMethodError'{0x00000007120b7328}: 'java.lang.Object java.lang.invoke.DirectMethodHandle$Holder.invokeStatic(java.lang.Object, java.lang.Object, java.lang.Object, java.lang.Object, java.lang.Object, java.lang.Object, java.lang
Event: 8.702 Thread 0x0000022ec60de800 Exception <a 'java/lang/NoSuchMethodError'{0x00000007120d7740}: 'java.lang.Object java.lang.invoke.DirectMethodHandle$Holder.invokeStatic(java.lang.Object, java.lang.Object, java.lang.Object, java.lang.Object, java.lang.Object, java.lang.Object, java.lang
Event: 28.509 Thread 0x0000022ef1e45800 Exception <a 'java/lang/NoSuchMethodError'{0x0000000711c81c68}: 'void java.lang.invoke.DirectMethodHandle$Holder.invokeInterface(java.lang.Object, java.lang.Object)'> (0x0000000711c81c68) thrown at [c:/BuildAgent/work/5ff2f6c26000d570/src/hotspot/share/in

Events (20 events):
Event: 28.498 loading class java/awt/EventQueue$4
Event: 28.498 loading class java/awt/EventQueue$4 done
Event: 28.498 loading class java/awt/MenuComponent
Event: 28.498 loading class java/awt/MenuComponent done
Event: 28.498 loading class java/awt/TrayIcon
Event: 28.499 loading class java/awt/TrayIcon done
Event: 28.499 loading class java/awt/event/InputMethodEvent
Event: 28.500 loading class java/awt/event/InputMethodEvent done
Event: 28.500 loading class java/awt/event/ActionEvent
Event: 28.500 loading class java/awt/event/ActionEvent done
Event: 28.510 Executing VM operation: RevokeBias
Event: 28.510 Executing VM operation: RevokeBias done
Event: 28.510 loading class java/util/WeakHashMap$EntrySet
Event: 28.511 loading class java/util/WeakHashMap$EntrySet done
Event: 28.511 loading class java/util/WeakHashMap$EntryIterator
Event: 28.511 loading class java/util/WeakHashMap$HashIterator
Event: 28.511 loading class java/util/WeakHashMap$HashIterator done
Event: 28.511 loading class java/util/WeakHashMap$EntryIterator done
Event: 28.511 loading class java/util/WeakHashMap$KeyIterator
Event: 28.512 loading class java/util/WeakHashMap$KeyIterator done


Dynamic libraries:
0x00007ff693840000 - 0x00007ff69384a000 	C:\Program Files\JetBrains\IntelliJ IDEA 2019.3.1\jbr\bin\java.exe
0x00007ff827ce0000 - 0x00007ff827ed0000 	C:\Windows\SYSTEM32\ntdll.dll
0x00007ff825df0000 - 0x00007ff825ea2000 	C:\Windows\System32\KERNEL32.DLL
0x00007ff824c70000 - 0x00007ff824f13000 	C:\Windows\System32\KERNELBASE.dll
0x00007ff8258f0000 - 0x00007ff8259ea000 	C:\Windows\System32\ucrtbase.dll
0x00007ff804ae0000 - 0x00007ff804af9000 	C:\Program Files\JetBrains\IntelliJ IDEA 2019.3.1\jbr\bin\jli.dll
0x00007ff81b3e0000 - 0x00007ff81b3f7000 	C:\Program Files\JetBrains\IntelliJ IDEA 2019.3.1\jbr\bin\VCRUNTIME140.dll
0x00007ff825eb0000 - 0x00007ff826044000 	C:\Windows\System32\USER32.dll
0x00007ff825cb0000 - 0x00007ff825cd1000 	C:\Windows\System32\win32u.dll
0x00007ff827b70000 - 0x00007ff827b96000 	C:\Windows\System32\GDI32.dll
0x00007ff818c50000 - 0x00007ff818ed5000 	C:\Windows\WinSxS\amd64_microsoft.windows.common-controls_6595b64144ccf1df_6.0.18362.657_none_e6c5b579130e3898\COMCTL32.dll
0x00007ff825a90000 - 0x00007ff825c24000 	C:\Windows\System32\gdi32full.dll
0x00007ff8279a0000 - 0x00007ff827a3e000 	C:\Windows\System32\msvcrt.dll
0x00007ff825850000 - 0x00007ff8258ee000 	C:\Windows\System32\msvcp_win.dll
0x00007ff827660000 - 0x00007ff827996000 	C:\Windows\System32\combase.dll
0x00007ff827540000 - 0x00007ff827660000 	C:\Windows\System32\RPCRT4.dll
0x00007ff825c30000 - 0x00007ff825cb0000 	C:\Windows\System32\bcryptPrimitives.dll
0x00007ff827510000 - 0x00007ff82753e000 	C:\Windows\System32\IMM32.DLL
0x00007fffdf1b0000 - 0x00007fffdf24d000 	C:\Program Files\JetBrains\IntelliJ IDEA 2019.3.1\jbr\bin\msvcp140.dll
0x00007fffbad30000 - 0x00007fffbb7eb000 	C:\Program Files\JetBrains\IntelliJ IDEA 2019.3.1\jbr\bin\server\jvm.dll
0x00007ff827460000 - 0x00007ff827503000 	C:\Windows\System32\ADVAPI32.dll
0x00007ff827a40000 - 0x00007ff827ad7000 	C:\Windows\System32\sechost.dll
0x00007ff827ae0000 - 0x00007ff827ae8000 	C:\Windows\System32\PSAPI.DLL
0x00007ffffcd80000 - 0x00007ffffcd89000 	C:\Windows\SYSTEM32\WSOCK32.dll
0x00007ff827ba0000 - 0x00007ff827c0f000 	C:\Windows\System32\WS2_32.dll
0x00007ff81f390000 - 0x00007ff81f3b4000 	C:\Windows\SYSTEM32\WINMM.dll
0x00007ff81eea0000 - 0x00007ff81eeaa000 	C:\Windows\SYSTEM32\VERSION.dll
0x00007ff81f360000 - 0x00007ff81f38d000 	C:\Windows\SYSTEM32\WINMMBASE.dll
0x00007ff8259f0000 - 0x00007ff825a3a000 	C:\Windows\System32\cfgmgr32.dll
0x00007ff824bc0000 - 0x00007ff824bd1000 	C:\Windows\System32\kernel.appcore.dll
0x00007ff81bb80000 - 0x00007ff81bb91000 	C:\Program Files\JetBrains\IntelliJ IDEA 2019.3.1\jbr\bin\verify.dll
0x00007ff823580000 - 0x00007ff823774000 	C:\Windows\SYSTEM32\DBGHELP.DLL
0x00007ff81a420000 - 0x00007ff81a44a000 	C:\Windows\SYSTEM32\dbgcore.DLL
0x00007ff81adc0000 - 0x00007ff81ade9000 	C:\Program Files\JetBrains\IntelliJ IDEA 2019.3.1\jbr\bin\java.dll
0x00007ff81b410000 - 0x00007ff81b41f000 	C:\Program Files\JetBrains\IntelliJ IDEA 2019.3.1\jbr\bin\instrument.dll
0x00007ff81b230000 - 0x00007ff81b247000 	C:\Program Files\JetBrains\IntelliJ IDEA 2019.3.1\jbr\bin\zip.dll
0x00007ff81f030000 - 0x00007ff81f03b000 	C:\Program Files\JetBrains\IntelliJ IDEA 2019.3.1\jbr\bin\jimage.dll
0x00007ff8266a0000 - 0x00007ff826d85000 	C:\Windows\System32\SHELL32.dll
0x00007ff827190000 - 0x00007ff827239000 	C:\Windows\System32\shcore.dll
0x00007ff824f20000 - 0x00007ff82569f000 	C:\Windows\System32\windows.storage.dll
0x00007ff824be0000 - 0x00007ff824bff000 	C:\Windows\System32\profapi.dll
0x00007ff824c20000 - 0x00007ff824c6a000 	C:\Windows\System32\powrprof.dll
0x00007ff824bb0000 - 0x00007ff824bc0000 	C:\Windows\System32\UMPDC.dll
0x00007ff826050000 - 0x00007ff8260a2000 	C:\Windows\System32\shlwapi.dll
0x00007ff825a70000 - 0x00007ff825a87000 	C:\Windows\System32\cryptsp.dll
0x00007ff814720000 - 0x00007ff81473a000 	C:\Program Files\JetBrains\IntelliJ IDEA 2019.3.1\jbr\bin\net.dll
0x00007ff820300000 - 0x00007ff8203f0000 	C:\Windows\SYSTEM32\WINHTTP.dll
0x00007ff824420000 - 0x00007ff824487000 	C:\Windows\system32\mswsock.dll
0x00007ff814630000 - 0x00007ff814644000 	C:\Program Files\JetBrains\IntelliJ IDEA 2019.3.1\jbr\bin\nio.dll
0x00007ff814f30000 - 0x00007ff814f4a000 	C:\Program Files\JetBrains\IntelliJ IDEA 2019.3.1\bin\breakgen64.dll
0x0000000180000000 - 0x0000000180053000 	D:\Java\CB - 1PROJ\lib\native_win\lwjgl64.dll
0x00007ffffbe70000 - 0x00007ffffbfc6000 	C:\Windows\SYSTEM32\OPENGL32.dll
0x00007ff817730000 - 0x00007ff81775c000 	C:\Windows\SYSTEM32\GLU32.dll
0x00007ff823820000 - 0x00007ff823840000 	C:\Windows\SYSTEM32\dxcore.dll
0x00007ff820080000 - 0x00007ff82012e000 	C:\Windows\SYSTEM32\mscms.dll
0x00007ff824ad0000 - 0x00007ff824af5000 	C:\Windows\SYSTEM32\USERENV.dll
0x00007ff820060000 - 0x00007ff820077000 	C:\Windows\SYSTEM32\ColorAdapterClient.dll
0x00007ff8265d0000 - 0x00007ff826694000 	C:\Windows\System32\OLEAUT32.dll
0x00007ff8260b0000 - 0x00007ff826152000 	C:\Windows\System32\clbcatq.dll
0x00007ffff7e60000 - 0x00007ffff7e7a000 	C:\Windows\System32\Windows.Internal.Graphics.Display.DisplayColorManagement.dll
0x00007ff822bf0000 - 0x00007ff822c89000 	C:\Windows\system32\uxtheme.dll
0x00007ff827240000 - 0x00007ff827375000 	C:\Windows\System32\MSCTF.dll
0x00007ff806bf0000 - 0x00007ff806c8e000 	C:\Windows\System32\TextInputFramework.dll
0x00007ff822820000 - 0x00007ff8228f4000 	C:\Windows\System32\CoreMessaging.dll
0x00007ff805990000 - 0x00007ff805cba000 	C:\Windows\System32\CoreUIComponents.dll
0x00007ff823c10000 - 0x00007ff823c41000 	C:\Windows\SYSTEM32\ntmarta.dll
0x00007ff820790000 - 0x00007ff8208e3000 	C:\Windows\SYSTEM32\wintypes.dll
0x00007ff81c7b0000 - 0x00007ff81ca56000 	C:\Windows\System32\iertutil.dll
0x00007fffaf050000 - 0x00007fffaff59000 	C:\Windows\System32\DriverStore\FileRepository\iigd_dch.inf_amd64_de35e59df740bcee\ig9icd64.dll
0x00007ff826f40000 - 0x00007ff827096000 	C:\Windows\System32\OLE32.DLL
0x00007ff823030000 - 0x00007ff82305d000 	C:\Windows\system32\dwmapi.dll
0x00007ff8238b0000 - 0x00007ff82399b000 	C:\Windows\system32\dxgi.dll
0x00007fffdd770000 - 0x00007fffdd7b3000 	C:\Windows\SYSTEM32\icm32.dll
0x00007fffc0100000 - 0x00007fffc02a0000 	C:\Windows\System32\DriverStore\FileRepository\iigd_dch.inf_amd64_de35e59df740bcee\igdgmm64.dll
0x00007fff962b0000 - 0x00007fff986ac000 	C:\Windows\System32\DriverStore\FileRepository\iigd_dch.inf_amd64_de35e59df740bcee\igc64.dll
0x00007fffd4930000 - 0x00007fffd4ad1000 	C:\Program Files\JetBrains\IntelliJ IDEA 2019.3.1\jbr\bin\awt.dll
0x00007ff821650000 - 0x00007ff821c10000 	C:\Windows\SYSTEM32\d2d1.dll
0x00007ff822a30000 - 0x00007ff822abf000 	C:\Windows\SYSTEM32\apphelp.dll
0x00007ff8145a0000 - 0x00007ff814625000 	C:\Program Files\JetBrains\IntelliJ IDEA 2019.3.1\jbr\bin\freetype.dll
0x00007fffddf60000 - 0x00007fffde008000 	C:\Program Files\JetBrains\IntelliJ IDEA 2019.3.1\jbr\bin\fontmanager.dll
0x00007ffffd390000 - 0x00007ffffd419000 	C:\Windows\SYSTEM32\winspool.drv
0x00007ff825a40000 - 0x00007ff825a66000 	C:\Windows\System32\bcrypt.dll
0x00007ff821110000 - 0x00007ff8211ff000 	C:\Windows\SYSTEM32\PROPSYS.dll
0x00007ff824130000 - 0x00007ff82416a000 	C:\Windows\SYSTEM32\IPHLPAPI.DLL

dbghelp: loaded successfully - version: 4.0.5 - missing functions: none
symbol engine: initialized successfully - sym options: 0x614 - pdb path: .;C:\Program Files\JetBrains\IntelliJ IDEA 2019.3.1\jbr\bin;C:\Windows\SYSTEM32;C:\Windows\WinSxS\amd64_microsoft.windows.common-controls_6595b64144ccf1df_6.0.18362.657_none_e6c5b579130e3898;C:\Program Files\JetBrains\IntelliJ IDEA 2019.3.1\jbr\bin\server;C:\Program Files\JetBrains\IntelliJ IDEA 2019.3.1\bin;D:\Java\CB - 1PROJ\lib\native_win;C:\Windows\System32\DriverStore\FileRepository\iigd_dch.inf_amd64_de35e59df740bcee

VM Arguments:
jvm_args: -Djava.library.path=D:\Java\CB - 1PROJ\lib\native_win -javaagent:C:\Program Files\JetBrains\IntelliJ IDEA 2019.3.1\lib\idea_rt.jar=52793:C:\Program Files\JetBrains\IntelliJ IDEA 2019.3.1\bin -Dfile.encoding=UTF-8 
java_command: com.supinfo.project.crashbandicoot.Component
java_class_path (initial): D:\Java\CB - 1PROJ\out\production\CrashBandicoot - 1PROJ;D:\Java\CB - 1PROJ\lib\lwjgl.jar;D:\Java\CB - 1PROJ\lib\lwjgl_util.jar;D:\Java\libs\slick-util.jar;D:\Java\libs\slick.jar
Launcher Type: SUN_STANDARD

[Global flags]
     intx CICompilerCount                          = 4                                         {product} {ergonomic}
     uint ConcGCThreads                            = 2                                         {product} {ergonomic}
     uint G1ConcRefinementThreads                  = 8                                         {product} {ergonomic}
   size_t G1HeapRegionSize                         = 1048576                                   {product} {ergonomic}
    uintx GCDrainStackTargetSize                   = 64                                        {product} {ergonomic}
   size_t InitialHeapSize                          = 266338304                                 {product} {ergonomic}
   size_t MarkStackSize                            = 4194304                                   {product} {ergonomic}
   size_t MaxHeapSize                              = 4238344192                                {product} {ergonomic}
   size_t MaxNewSize                               = 2542796800                                {product} {ergonomic}
   size_t MinHeapDeltaBytes                        = 1048576                                   {product} {ergonomic}
    uintx NonNMethodCodeHeapSize                   = 5836300                                {pd product} {ergonomic}
    uintx NonProfiledCodeHeapSize                  = 122910970                              {pd product} {ergonomic}
    uintx ProfiledCodeHeapSize                     = 122910970                              {pd product} {ergonomic}
    uintx ReservedCodeCacheSize                    = 251658240                              {pd product} {ergonomic}
     bool SegmentedCodeCache                       = true                                      {product} {ergonomic}
     bool UseCompressedClassPointers               = true                                 {lp64_product} {ergonomic}
     bool UseCompressedOops                        = true                                 {lp64_product} {ergonomic}
     bool UseG1GC                                  = true                                      {product} {ergonomic}
     bool UseLargePagesIndividualAllocation        = false                                  {pd product} {ergonomic}

Logging:
Log output configuration:
 #0: stdout all=warning uptime,level,tags
 #1: stderr all=off uptime,level,tags

Environment Variables:
PATH=C:\Program Files (x86)\Common Files\Oracle\Java\javapath;C:\Windows\system32;C:\Windows;C:\Windows\System32\Wbem;C:\Windows\System32\WindowsPowerShell\v1.0\;C:\Windows\System32\OpenSSH\;C:\Program Files\Intel\WiFi\bin\;C:\Program Files\Common Files\Intel\WirelessCommon\;C:\Program Files (x86)\NVIDIA Corporation\PhysX\Common;C:\Program Files\NVIDIA Corporation\NVIDIA NvDLISR;C:\Program Files\Git\cmd;C:\Program Files\dotnet\;C:\Users\tangu\AppData\Local\Programs\Python\Python38\Scripts\;C:\Users\tangu\AppData\Local\Programs\Python\Python38\;C:\Users\tangu\AppData\Local\Microsoft\WindowsApps;;C:\Users\tangu\AppData\Local\Programs\Microsoft VS Code\bin;C:\Program Files\JetBrains\CLion 2019.3.2\bin;C:\Users\tangu\.dotnet\tools;C:\Program Files\JetBrains\IntelliJ IDEA 2019.3.1\bin;
USERNAME=tangu
OS=Windows_NT
PROCESSOR_IDENTIFIER=Intel64 Family 6 Model 158 Stepping 10, GenuineIntel



---------------  S Y S T E M  ---------------

OS: Windows 10 , 64 bit Build 18362 (10.0.18362.329)

CPU:total 8 (initial active 8) (4 cores per cpu, 2 threads per core) family 6 model 158 stepping 10, cmov, cx8, fxsr, mmx, sse, sse2, sse3, ssse3, sse4.1, sse4.2, popcnt, avx, avx2, aes, clmul, erms, 3dnowpref, lzcnt, ht, tsc, tscinvbit, bmi1, bmi2, adx, fma

Memory: 4k page, system-wide physical 16165M (8205M free)
TotalPageFile size 18597M (AvailPageFile size 7644M)
current process WorkingSet (physical memory assigned to process): 257M, peak: 303M
current process commit charge ("private bytes"): 441M, peak: 489M

vm_info: OpenJDK 64-Bit Server VM (11.0.5+10-b520.38) for windows-amd64 JRE (11.0.5+10-b520.38), built on Jan 23 2020 07:58:32 by "" with MS VC++ 14.0 (VS2015)

END.
